2020-11-12 10:50:58.701 ERROR 11624 --- [restartedMain] o.s.boot.SpringApplication               : Application run failed

org.springframework.beans.factory.BeanCreationException: Error creating bean with name 'myApplication' defined in file [C:\Users\user278\Desktop\Spring_springboot\SpringApplication\target\classes\com\example\demo\MyApplication.class]: Instantiation of bean failed; nested exception is org.springframework.beans.BeanInstantiationException: Failed to instantiate [com.example.demo.MyApplication$$EnhancerBySpringCGLIB$$dc1d566b]: Constructor threw exception; nested exception is java.lang.Error: Unresolved compilation problem: 
	The public type MyApplication must be defined in its own file

	at org.springframework.beans.factory.support.AbstractAutowireCapableBeanFactory.instantiateBean(AbstractAutowireCapableBeanFactory.java:1318) ~[spring-beans-5.2.10.RELEASE.jar:5.2.10.RELEASE]
	at org.springframework.beans.factory.support.AbstractAutowireCapableBeanFactory.createBeanInstance(AbstractAutowireCapableBeanFactory.java:1213) ~[spring-beans-5.2.10.RELEASE.jar:5.2.10.RELEASE]
	at org.springframework.beans.factory.support.AbstractAutowireCapableBeanFactory.doCreateBean(AbstractAutowireCapableBeanFactory.java:556) ~[spring-beans-5.2.10.RELEASE.jar:5.2.10.RELEASE]
	at org.springframework.beans.factory.support.AbstractAutowireCapableBeanFactory.createBean(AbstractAutowireCapableBeanFactory.java:516) ~[spring-beans-5.2.10.RELEASE.jar:5.2.10.RELEASE]
	at org.springframework.beans.factory.support.AbstractBeanFactory.lambda$doGetBean$0(AbstractBeanFactory.java:324) ~[spring-beans-5.2.10.RELEASE.jar:5.2.10.RELEASE]
	at org.springframework.beans.factory.support.DefaultSingletonBeanRegistry.getSingleton(DefaultSingletonBeanRegistry.java:234) ~[spring-beans-5.2.10.RELEASE.jar:5.2.10.RELEASE]
	at org.springframework.beans.factory.support.AbstractBeanFactory.doGetBean(AbstractBeanFactory.java:322) ~[spring-beans-5.2.10.RELEASE.jar:5.2.10.RELEASE]
	at org.springframework.beans.factory.support.AbstractBeanFactory.getBean(AbstractBeanFactory.java:202) ~[spring-beans-5.2.10.RELEASE.jar:5.2.10.RELEASE]
	at org.springframework.beans.factory.support.DefaultListableBeanFactory.preInstantiateSingletons(DefaultListableBeanFactory.java:897) ~[spring-beans-5.2.10.RELEASE.jar:5.2.10.RELEASE]
	at org.springframework.context.support.AbstractApplicationContext.finishBeanFactoryInitialization(AbstractApplicationContext.java:879) ~[spring-context-5.2.10.RELEASE.jar:5.2.10.RELEASE]
	at org.springframework.context.support.AbstractApplicationContext.refresh(AbstractApplicationContext.java:551) ~[spring-context-5.2.10.RELEASE.jar:5.2.10.RELEASE]
	at org.springframework.boot.web.servlet.context.ServletWebServerApplicationContext.refresh(ServletWebServerApplicationContext.java:143) ~[spring-boot-2.3.5.RELEASE.jar:2.3.5.RELEASE]
	at org.springframework.boot.SpringApplication.refresh(SpringApplication.java:758) ~[spring-boot-2.3.5.RELEASE.jar:2.3.5.RELEASE]
	at org.springframework.boot.SpringApplication.refresh(SpringApplication.java:750) ~[spring-boot-2.3.5.RELEASE.jar:2.3.5.RELEASE]
	at org.springframework.boot.SpringApplication.refreshContext(SpringApplication.java:405) ~[spring-boot-2.3.5.RELEASE.jar:2.3.5.RELEASE]
	at org.springframework.boot.SpringApplication.run(SpringApplication.java:315) ~[spring-boot-2.3.5.RELEASE.jar:2.3.5.RELEASE]
	at org.springframework.boot.SpringApplication.run(SpringApplication.java:1237) ~[spring-boot-2.3.5.RELEASE.jar:2.3.5.RELEASE]
	at org.springframework.boot.SpringApplication.run(SpringApplication.java:1226) ~[spring-boot-2.3.5.RELEASE.jar:2.3.5.RELEASE]
	at com.example.demo.Application.main(Application.java:11) ~[classes/:na]
	at java.base/jdk.internal.reflect.NativeMethodAccessorImpl.invoke0(Native Method) ~[na:na]
	at java.base/jdk.internal.reflect.NativeMethodAccessorImpl.invoke(NativeMethodAccessorImpl.java:62) ~[na:na]
	at java.base/jdk.internal.reflect.DelegatingMethodAccessorImpl.invoke(DelegatingMethodAccessorImpl.java:43) ~[na:na]
	at java.base/java.lang.reflect.Method.invoke(Method.java:564) ~[na:na]
	at org.springframework.boot.devtools.restart.RestartLauncher.run(RestartLauncher.java:49) ~[spring-boot-devtools-2.3.5.RELEASE.jar:2.3.5.RELEASE]
Caused by: org.springframework.beans.BeanInstantiationException: Failed to instantiate [com.example.demo.MyApplication$$EnhancerBySpringCGLIB$$dc1d566b]: Constructor threw exception; nested exception is java.lang.Error: Unresolved compilation problem: 
	The public type MyApplication must be defined in its own file

	at org.springframework.beans.BeanUtils.instantiateClass(BeanUtils.java:217) ~[spring-beans-5.2.10.RELEASE.jar:5.2.10.RELEASE]
	at org.springframework.beans.factory.support.SimpleInstantiationStrategy.instantiate(SimpleInstantiationStrategy.java:87) ~[spring-beans-5.2.10.RELEASE.jar:5.2.10.RELEASE]
	at org.springframework.beans.factory.support.AbstractAutowireCapableBeanFactory.instantiateBean(AbstractAutowireCapableBeanFactory.java:1310) ~[spring-beans-5.2.10.RELEASE.jar:5.2.10.RELEASE]
	... 23 common frames omitted
Caused by: java.lang.Error: Unresolved compilation problem: 
	The public type MyApplication must be defined in its own file

	at com.example.demo.MyApplication.<init>(Application.java:22) ~[classes/:na]
	at com.example.demo.MyApplication$$EnhancerBySpringCGLIB$$dc1d566b.<init>(<generated>) ~[classes/:na]
	at java.base/jdk.internal.reflect.NativeConstructorAccessorImpl.newInstance0(Native Method) ~[na:na]
	at java.base/jdk.internal.reflect.NativeConstructorAccessorImpl.newInstance(NativeConstructorAccessorImpl.java:62) ~[na:na]
	at java.base/jdk.internal.reflect.DelegatingConstructorAccessorImpl.newInstance(DelegatingConstructorAccessorImpl.java:45) ~[na:na]
	at java.base/java.lang.reflect.Constructor.newInstanceWithCaller(Constructor.java:500) ~[na:na]
	at java.base/java.lang.reflect.Constructor.newInstance(Constructor.java:481) ~[na:na]
	at org.springframework.beans.BeanUtils.instantiateClass(BeanUtils.java:204) ~[spring-beans-5.2.10.RELEASE.jar:5.2.10.RELEASE]
	... 25 common frames omitted

2020-11-12 10:54:06.859 ERROR 700 --- [http-nio-7070-exec-1] com.example.demo.Application             : This is error message
2020-11-12 11:06:15.427 ERROR 8396 --- [http-nio-7070-exec-4] com.example.demo.Application             : This is error message
2020-11-12 11:53:28.105 ERROR 12672 --- [http-nio-7070-exec-1] com.example.demo.Application             : This is error message
